2023-05-15 20:05:157 INFO  HomePage :42 - Mouse Hovering On Womens Menu [[ChromeDriver: chrome on WINDOWS (6ca474376377e41dd4e719451d8db634)] -> xpath: //a[@id='ui-id-4']//span[@class='ui-menu-icon ui-icon ui-icon-carat-1-e']]
2023-05-15 20:05:559 INFO  HomePage :47 - Mouse Hovering On Tops Menu [[ChromeDriver: chrome on WINDOWS (6ca474376377e41dd4e719451d8db634)] -> xpath: //a[@id='ui-id-9']]
2023-05-15 20:05:764 INFO  HomePage :52 - Clicking On Jackets [[ChromeDriver: chrome on WINDOWS (6ca474376377e41dd4e719451d8db634)] -> xpath: //a[@id='ui-id-11']]
2023-05-15 20:05:474 INFO  WomensJacketsPage :49 - Selecting Products' Name Price From Drop Down [[ChromeDriver: chrome on WINDOWS (6ca474376377e41dd4e719451d8db634)] -> xpath: //strong[@class = 'product name product-item-name']]
2023-05-15 20:05:215 INFO  WomensJacketsPage :66 - Storing And Sorting Products' Prices [[ChromeDriver: chrome on WINDOWS (6ca474376377e41dd4e719451d8db634)] -> xpath: //span[@class='price-container price-final_price tax weee']]
2023-05-15 20:05:736 INFO  HomePage :42 - Mouse Hovering On Womens Menu [[ChromeDriver: chrome on WINDOWS (dab58f639bdafec16fe5b4c95dd5c51f)] -> xpath: //a[@id='ui-id-4']//span[@class='ui-menu-icon ui-icon ui-icon-carat-1-e']]
2023-05-15 20:05:119 INFO  HomePage :47 - Mouse Hovering On Tops Menu [[ChromeDriver: chrome on WINDOWS (dab58f639bdafec16fe5b4c95dd5c51f)] -> xpath: //a[@id='ui-id-9']]
2023-05-15 20:05:306 INFO  HomePage :52 - Clicking On Jackets [[ChromeDriver: chrome on WINDOWS (dab58f639bdafec16fe5b4c95dd5c51f)] -> xpath: //a[@id='ui-id-11']]
2023-05-15 20:05:861 INFO  WomensJacketsPage :49 - Selecting Products' Name Price From Drop Down [[ChromeDriver: chrome on WINDOWS (dab58f639bdafec16fe5b4c95dd5c51f)] -> xpath: //strong[@class = 'product name product-item-name']]
2023-05-15 20:05:463 INFO  WomensJacketsPage :66 - Storing And Sorting Products' Prices [[ChromeDriver: chrome on WINDOWS (dab58f639bdafec16fe5b4c95dd5c51f)] -> xpath: //span[@class='price-container price-final_price tax weee']]
2023-05-15 20:05:671 INFO  HomePage :42 - Mouse Hovering On Womens Menu [[ChromeDriver: chrome on WINDOWS (0627f447f35daf3e95ed0035deee1b10)] -> xpath: //a[@id='ui-id-4']//span[@class='ui-menu-icon ui-icon ui-icon-carat-1-e']]
2023-05-15 20:05:94 INFO  HomePage :47 - Mouse Hovering On Tops Menu [[ChromeDriver: chrome on WINDOWS (0627f447f35daf3e95ed0035deee1b10)] -> xpath: //a[@id='ui-id-9']]
2023-05-15 20:05:290 INFO  HomePage :52 - Clicking On Jackets [[ChromeDriver: chrome on WINDOWS (0627f447f35daf3e95ed0035deee1b10)] -> xpath: //a[@id='ui-id-11']]
2023-05-15 20:05:805 INFO  WomensJacketsPage :49 - Selecting Products' Name Price From Drop Down [[ChromeDriver: chrome on WINDOWS (0627f447f35daf3e95ed0035deee1b10)] -> xpath: //strong[@class = 'product name product-item-name']]
2023-05-15 20:05:557 INFO  WomensJacketsPage :66 - Storing And Sorting Products' Prices [[ChromeDriver: chrome on WINDOWS (0627f447f35daf3e95ed0035deee1b10)] -> xpath: //span[@class='price-container price-final_price tax weee']]
2023-05-15 20:05:659 INFO  HomePage :73 - Mouse Hovering On Gear Menu [[ChromeDriver: chrome on WINDOWS (1e26b4f2bc0d8be0ce619a336ba799f7)] -> xpath: //span[normalize-space()='Gear']]
2023-05-15 20:05:707 INFO  HomePage :77 - Clicking On Bags [[ChromeDriver: chrome on WINDOWS (1e26b4f2bc0d8be0ce619a336ba799f7)] -> xpath: //span[normalize-space()='Bags']]
2023-05-15 20:05:532 INFO  HomePage :57 - Mouse Hovering On Men Menu [[ChromeDriver: chrome on WINDOWS (f44ea3573b854bfece31b000f0855042)] -> xpath: //a[@id='ui-id-5']]
2023-05-15 20:05:804 INFO  HomePage :62 - Mouse Hovering On Bottoms Menu [[ChromeDriver: chrome on WINDOWS (f44ea3573b854bfece31b000f0855042)] -> xpath: //a[@id='ui-id-18']//span[contains(text(),'Bottoms')]]
2023-05-15 20:05:00 INFO  HomePage :67 - Clicking On Pants [[ChromeDriver: chrome on WINDOWS (f44ea3573b854bfece31b000f0855042)] -> xpath: //a[@id='ui-id-23']//span[contains(text(),'Pants')]]
2023-05-15 20:05:226 INFO  MenPage :35 - Mouse Hovering On Cronus Yoga Pant [[ChromeDriver: chrome on WINDOWS (f44ea3573b854bfece31b000f0855042)] -> xpath: //a[normalize-space()='Cronus Yoga Pant']]
2023-05-15 20:05:464 INFO  MenPage :40 - Clicking On Size [[ChromeDriver: chrome on WINDOWS (f44ea3573b854bfece31b000f0855042)] -> xpath: //div[@class='swatch-opt-880']//div[@id='option-label-size-143-item-175']]
2023-05-15 20:05:566 INFO  MenPage :45 - Clicking On Colour [[ChromeDriver: chrome on WINDOWS (f44ea3573b854bfece31b000f0855042)] -> xpath: //div[@class='swatch-opt-880']//div[@id='option-label-color-93-item-49']]
2023-05-15 20:05:674 INFO  MenPage :50 - Clicking On Add To Cart [[ChromeDriver: chrome on WINDOWS (f44ea3573b854bfece31b000f0855042)] -> xpath: //body[1]/div[1]/main[1]/div[3]/div[1]/div[3]/ol[1]/li[1]/div[1]/div[1]/div[3]/div[1]/div[1]/form[1]/button[1]/span[1]]
2023-05-15 20:05:553 INFO  MenPage :55 - Getting Add To Cart Text Proxy element for: DefaultElementLocator 'By.xpath: //div[@data-bind='html: $parent.prepareMessageForHtml(message.text)']'
2023-05-15 20:05:778 INFO  HomePage :42 - Mouse Hovering On Womens Menu [[ChromeDriver: chrome on WINDOWS (a97aad6f4c6ff5295c3a83b76de6a1c6)] -> xpath: //a[@id='ui-id-4']//span[@class='ui-menu-icon ui-icon ui-icon-carat-1-e']]
2023-05-15 20:05:965 INFO  HomePage :47 - Mouse Hovering On Tops Menu [[ChromeDriver: chrome on WINDOWS (a97aad6f4c6ff5295c3a83b76de6a1c6)] -> xpath: //a[@id='ui-id-9']]
2023-05-15 20:05:133 INFO  HomePage :52 - Clicking On Jackets [[ChromeDriver: chrome on WINDOWS (a97aad6f4c6ff5295c3a83b76de6a1c6)] -> xpath: //a[@id='ui-id-11']]
2023-05-15 20:05:342 INFO  WomensJacketsPage :49 - Selecting Products' Name Product Name From Drop Down [[ChromeDriver: chrome on WINDOWS (a97aad6f4c6ff5295c3a83b76de6a1c6)] -> xpath: //strong[@class = 'product name product-item-name']]
2023-05-15 20:05:749 INFO  WomensJacketsPage :38 - Storing And Sorting Products [[ChromeDriver: chrome on WINDOWS (a97aad6f4c6ff5295c3a83b76de6a1c6)] -> xpath: //strong[@class = 'product name product-item-name']]
2023-05-15 22:05:438 INFO  HomePage :42 - Mouse Hovering On Womens Menu [[ChromeDriver: chrome on WINDOWS (38224c8f12fc980212e1a67257c8c371)] -> xpath: //a[@id='ui-id-4']//span[@class='ui-menu-icon ui-icon ui-icon-carat-1-e']]
2023-05-15 22:05:594 INFO  HomePage :47 - Mouse Hovering On Tops Menu [[ChromeDriver: chrome on WINDOWS (38224c8f12fc980212e1a67257c8c371)] -> xpath: //a[@id='ui-id-9']]
2023-05-15 22:05:749 INFO  HomePage :52 - Clicking On Jackets [[ChromeDriver: chrome on WINDOWS (38224c8f12fc980212e1a67257c8c371)] -> xpath: //a[@id='ui-id-11']]
2023-05-15 22:05:78 INFO  HomePage :42 - Mouse Hovering On Womens Menu [[ChromeDriver: chrome on WINDOWS (b35487fabe77fd6e3491b0ab46c13011)] -> xpath: //a[@id='ui-id-4']//span[@class='ui-menu-icon ui-icon ui-icon-carat-1-e']]
2023-05-15 22:05:250 INFO  HomePage :47 - Mouse Hovering On Tops Menu [[ChromeDriver: chrome on WINDOWS (b35487fabe77fd6e3491b0ab46c13011)] -> xpath: //a[@id='ui-id-9']]
2023-05-15 22:05:418 INFO  HomePage :52 - Clicking On Jackets [[ChromeDriver: chrome on WINDOWS (b35487fabe77fd6e3491b0ab46c13011)] -> xpath: //a[@id='ui-id-11']]
2023-05-15 22:05:167 INFO  HomePage :42 - Mouse Hovering On Womens Menu [[ChromeDriver: chrome on WINDOWS (887a4da31cfe0a1714d956273ed605f3)] -> xpath: //a[@id='ui-id-4']//span[@class='ui-menu-icon ui-icon ui-icon-carat-1-e']]
2023-05-15 22:05:346 INFO  HomePage :47 - Mouse Hovering On Tops Menu [[ChromeDriver: chrome on WINDOWS (887a4da31cfe0a1714d956273ed605f3)] -> xpath: //a[@id='ui-id-9']]
2023-05-15 22:05:509 INFO  HomePage :52 - Clicking On Jackets [[ChromeDriver: chrome on WINDOWS (887a4da31cfe0a1714d956273ed605f3)] -> xpath: //a[@id='ui-id-11']]
2023-05-15 22:05:130 INFO  HomePage :42 - Mouse Hovering On Womens Menu [[ChromeDriver: chrome on WINDOWS (ae36285aa518e59c38b008dd77d3bcc5)] -> xpath: //a[@id='ui-id-4']//span[@class='ui-menu-icon ui-icon ui-icon-carat-1-e']]
2023-05-15 22:05:303 INFO  HomePage :47 - Mouse Hovering On Tops Menu [[ChromeDriver: chrome on WINDOWS (ae36285aa518e59c38b008dd77d3bcc5)] -> xpath: //a[@id='ui-id-9']]
2023-05-15 22:05:475 INFO  HomePage :52 - Clicking On Jackets [[ChromeDriver: chrome on WINDOWS (ae36285aa518e59c38b008dd77d3bcc5)] -> xpath: //a[@id='ui-id-11']]
2023-05-15 22:05:420 INFO  HomePage :42 - Mouse Hovering On Womens Menu [[ChromeDriver: chrome on WINDOWS (1ab67080324b2bdb815246d3e5165435)] -> xpath: //a[@id='ui-id-4']//span[@class='ui-menu-icon ui-icon ui-icon-carat-1-e']]
2023-05-15 22:05:590 INFO  HomePage :47 - Mouse Hovering On Tops Menu [[ChromeDriver: chrome on WINDOWS (1ab67080324b2bdb815246d3e5165435)] -> xpath: //a[@id='ui-id-9']]
2023-05-15 22:05:753 INFO  HomePage :52 - Clicking On Jackets [[ChromeDriver: chrome on WINDOWS (1ab67080324b2bdb815246d3e5165435)] -> xpath: //a[@id='ui-id-11']]
2023-05-15 22:05:852 INFO  WomensJacketsPage :91 - Storing And Sorting Products' Prices [[ChromeDriver: chrome on WINDOWS (1ab67080324b2bdb815246d3e5165435)] -> xpath: //span[@class='price-container price-final_price tax weee']]
2023-05-15 22:05:791 INFO  HomePage :42 - Mouse Hovering On Womens Menu [[ChromeDriver: chrome on WINDOWS (1791d04697516e69eafbdc8aff264e85)] -> xpath: //a[@id='ui-id-4']//span[@class='ui-menu-icon ui-icon ui-icon-carat-1-e']]
2023-05-15 22:05:961 INFO  HomePage :47 - Mouse Hovering On Tops Menu [[ChromeDriver: chrome on WINDOWS (1791d04697516e69eafbdc8aff264e85)] -> xpath: //a[@id='ui-id-9']]
2023-05-15 22:05:116 INFO  HomePage :52 - Clicking On Jackets [[ChromeDriver: chrome on WINDOWS (1791d04697516e69eafbdc8aff264e85)] -> xpath: //a[@id='ui-id-11']]
2023-05-15 22:05:54 INFO  WomensJacketsPage :91 - Storing And Sorting Products' Prices [[ChromeDriver: chrome on WINDOWS (1791d04697516e69eafbdc8aff264e85)] -> xpath: //span[@class='price-container price-final_price tax weee']]
2023-05-15 22:05:325 INFO  HomePage :42 - Mouse Hovering On Womens Menu [[ChromeDriver: chrome on WINDOWS (992b86829af78e224761b67770a52d4c)] -> xpath: //a[@id='ui-id-4']//span[@class='ui-menu-icon ui-icon ui-icon-carat-1-e']]
2023-05-15 22:05:507 INFO  HomePage :47 - Mouse Hovering On Tops Menu [[ChromeDriver: chrome on WINDOWS (992b86829af78e224761b67770a52d4c)] -> xpath: //a[@id='ui-id-9']]
2023-05-15 22:05:656 INFO  HomePage :52 - Clicking On Jackets [[ChromeDriver: chrome on WINDOWS (992b86829af78e224761b67770a52d4c)] -> xpath: //a[@id='ui-id-11']]
2023-05-15 22:05:559 INFO  WomensJacketsPage :91 - Storing And Sorting Products' Prices [[ChromeDriver: chrome on WINDOWS (992b86829af78e224761b67770a52d4c)] -> xpath: //span[@class='price-container price-final_price tax weee']]
2023-05-15 23:05:639 INFO  HomePage :42 - Mouse Hovering On Womens Menu [[ChromeDriver: chrome on WINDOWS (b849170b82521e12ef6168b2f942b4c6)] -> xpath: //a[@id='ui-id-4']//span[@class='ui-menu-icon ui-icon ui-icon-carat-1-e']]
2023-05-15 23:05:811 INFO  HomePage :47 - Mouse Hovering On Tops Menu [[ChromeDriver: chrome on WINDOWS (b849170b82521e12ef6168b2f942b4c6)] -> xpath: //a[@id='ui-id-9']]
2023-05-15 23:05:973 INFO  HomePage :52 - Clicking On Jackets [[ChromeDriver: chrome on WINDOWS (b849170b82521e12ef6168b2f942b4c6)] -> xpath: //a[@id='ui-id-11']]
2023-05-15 23:05:670 INFO  HomePage :42 - Mouse Hovering On Womens Menu [[ChromeDriver: chrome on WINDOWS (8bc89bf30d01f97656f15cbe915a31d8)] -> xpath: //a[@id='ui-id-4']//span[@class='ui-menu-icon ui-icon ui-icon-carat-1-e']]
2023-05-15 23:05:855 INFO  HomePage :47 - Mouse Hovering On Tops Menu [[ChromeDriver: chrome on WINDOWS (8bc89bf30d01f97656f15cbe915a31d8)] -> xpath: //a[@id='ui-id-9']]
2023-05-15 23:05:20 INFO  HomePage :52 - Clicking On Jackets [[ChromeDriver: chrome on WINDOWS (8bc89bf30d01f97656f15cbe915a31d8)] -> xpath: //a[@id='ui-id-11']]
2023-05-15 23:05:87 INFO  WomensJacketsPage :96 - Storing And Sorting Products' Prices [[ChromeDriver: chrome on WINDOWS (8bc89bf30d01f97656f15cbe915a31d8)] -> xpath: //span[@class='price-container price-final_price tax weee']]
2023-05-16 14:05:52 INFO  HomePage :42 - Mouse Hovering On Womens Menu [[ChromeDriver: chrome on WINDOWS (57db570f4e857a6002952631ee445fb5)] -> xpath: //a[@id='ui-id-4']//span[@class='ui-menu-icon ui-icon ui-icon-carat-1-e']]
2023-05-16 14:05:309 INFO  HomePage :47 - Mouse Hovering On Tops Menu [[ChromeDriver: chrome on WINDOWS (57db570f4e857a6002952631ee445fb5)] -> xpath: //a[@id='ui-id-9']]
2023-05-16 14:05:505 INFO  HomePage :52 - Clicking On Jackets [[ChromeDriver: chrome on WINDOWS (57db570f4e857a6002952631ee445fb5)] -> xpath: //a[@id='ui-id-11']]
2023-05-16 14:05:635 INFO  WomensJacketsPage :68 - Selecting Products' Name Price From Drop Down [[ChromeDriver: chrome on WINDOWS (57db570f4e857a6002952631ee445fb5)] -> xpath: //strong[@class = 'product name product-item-name']]
2023-05-16 14:05:985 INFO  WomensJacketsPage :95 - Storing And Sorting Products' Prices [[ChromeDriver: chrome on WINDOWS (57db570f4e857a6002952631ee445fb5)] -> xpath: //span[@class='price-container price-final_price tax weee']]
2023-05-16 14:05:629 INFO  HomePage :73 - Mouse Hovering On Gear Menu [[ChromeDriver: chrome on WINDOWS (6f915e7d1b6ad355f2d619b8f69cd628)] -> xpath: //span[normalize-space()='Gear']]
2023-05-16 14:05:677 INFO  HomePage :77 - Clicking On Bags [[ChromeDriver: chrome on WINDOWS (6f915e7d1b6ad355f2d619b8f69cd628)] -> xpath: //span[normalize-space()='Bags']]
2023-05-16 14:05:79 INFO  GearPage :21 - Clicking On Overnight Duffle [[ChromeDriver: chrome on WINDOWS (6f915e7d1b6ad355f2d619b8f69cd628)] -> xpath: //a[normalize-space()='Overnight Duffle']]
2023-05-16 14:05:240 INFO  OverNightDuffle :33 - Getting Over Night Duffle Text [[ChromeDriver: chrome on WINDOWS (6f915e7d1b6ad355f2d619b8f69cd628)] -> xpath: //span[@class='base']]
2023-05-16 14:05:36 INFO  HomePage :57 - Mouse Hovering On Men Menu [[ChromeDriver: chrome on WINDOWS (85d73e4b52e32787c7a7c1bd2e97acbe)] -> xpath: //a[@id='ui-id-5']]
2023-05-16 14:05:221 INFO  HomePage :62 - Mouse Hovering On Bottoms Menu [[ChromeDriver: chrome on WINDOWS (85d73e4b52e32787c7a7c1bd2e97acbe)] -> xpath: //a[@id='ui-id-18']//span[contains(text(),'Bottoms')]]
2023-05-16 14:05:399 INFO  HomePage :67 - Clicking On Pants [[ChromeDriver: chrome on WINDOWS (85d73e4b52e32787c7a7c1bd2e97acbe)] -> xpath: //a[@id='ui-id-23']//span[contains(text(),'Pants')]]
2023-05-16 14:05:442 INFO  MenPage :35 - Mouse Hovering On Cronus Yoga Pant [[ChromeDriver: chrome on WINDOWS (85d73e4b52e32787c7a7c1bd2e97acbe)] -> xpath: //a[normalize-space()='Cronus Yoga Pant']]
2023-05-16 14:05:653 INFO  MenPage :40 - Clicking On Size [[ChromeDriver: chrome on WINDOWS (85d73e4b52e32787c7a7c1bd2e97acbe)] -> xpath: //div[@class='swatch-opt-880']//div[@id='option-label-size-143-item-175']]
2023-05-16 14:05:763 INFO  MenPage :45 - Clicking On Colour [[ChromeDriver: chrome on WINDOWS (85d73e4b52e32787c7a7c1bd2e97acbe)] -> xpath: //div[@class='swatch-opt-880']//div[@id='option-label-color-93-item-49']]
2023-05-16 14:05:868 INFO  MenPage :50 - Clicking On Add To Cart [[ChromeDriver: chrome on WINDOWS (85d73e4b52e32787c7a7c1bd2e97acbe)] -> xpath: //body[1]/div[1]/main[1]/div[3]/div[1]/div[3]/ol[1]/li[1]/div[1]/div[1]/div[3]/div[1]/div[1]/form[1]/button[1]/span[1]]
2023-05-16 14:05:67 INFO  MenPage :55 - Getting Add To Cart Text [[ChromeDriver: chrome on WINDOWS (85d73e4b52e32787c7a7c1bd2e97acbe)] -> xpath: //div[@data-bind='html: $parent.prepareMessageForHtml(message.text)']]
2023-05-16 14:05:104 INFO  MenPage :60 - Clicking On Shopping Cart [[ChromeDriver: chrome on WINDOWS (85d73e4b52e32787c7a7c1bd2e97acbe)] -> xpath: //a[normalize-space()='shopping cart']]
2023-05-16 14:05:662 INFO  ShoppingCartPage :53 - Getting Cronus Yoga Pant Text [[ChromeDriver: chrome on WINDOWS (85d73e4b52e32787c7a7c1bd2e97acbe)] -> xpath: //td[@class='col item']//a[normalize-space()='Cronus Yoga Pant']]
2023-05-16 14:05:694 INFO  ShoppingCartPage :58 - Getting Size Text [[ChromeDriver: chrome on WINDOWS (85d73e4b52e32787c7a7c1bd2e97acbe)] -> xpath: //dd[contains(text(),'32')]]
2023-05-16 14:05:724 INFO  ShoppingCartPage :63 - Getting Colour Text [[ChromeDriver: chrome on WINDOWS (85d73e4b52e32787c7a7c1bd2e97acbe)] -> xpath: //dd[contains(text(),'Black')]]
2023-05-16 14:05:346 INFO  HomePage :42 - Mouse Hovering On Womens Menu [[ChromeDriver: chrome on WINDOWS (d425ad7580d04405195481b417fd3ef2)] -> xpath: //a[@id='ui-id-4']//span[@class='ui-menu-icon ui-icon ui-icon-carat-1-e']]
2023-05-16 14:05:519 INFO  HomePage :47 - Mouse Hovering On Tops Menu [[ChromeDriver: chrome on WINDOWS (d425ad7580d04405195481b417fd3ef2)] -> xpath: //a[@id='ui-id-9']]
2023-05-16 14:05:688 INFO  HomePage :52 - Clicking On Jackets [[ChromeDriver: chrome on WINDOWS (d425ad7580d04405195481b417fd3ef2)] -> xpath: //a[@id='ui-id-11']]
2023-05-16 14:05:905 INFO  WomensJacketsPage :68 - Selecting Products' Name Product Name From Drop Down [[ChromeDriver: chrome on WINDOWS (d425ad7580d04405195481b417fd3ef2)] -> xpath: //strong[@class = 'product name product-item-name']]
2023-05-16 14:05:274 INFO  WomensJacketsPage :79 - Default Product List[[[ChromeDriver: chrome on WINDOWS (d425ad7580d04405195481b417fd3ef2)] -> xpath: //strong[@class='product name product-item-name']], [[ChromeDriver: chrome on WINDOWS (d425ad7580d04405195481b417fd3ef2)] -> xpath: //strong[@class='product name product-item-name']], [[ChromeDriver: chrome on WINDOWS (d425ad7580d04405195481b417fd3ef2)] -> xpath: //strong[@class='product name product-item-name']], [[ChromeDriver: chrome on WINDOWS (d425ad7580d04405195481b417fd3ef2)] -> xpath: //strong[@class='product name product-item-name']], [[ChromeDriver: chrome on WINDOWS (d425ad7580d04405195481b417fd3ef2)] -> xpath: //strong[@class='product name product-item-name']], [[ChromeDriver: chrome on WINDOWS (d425ad7580d04405195481b417fd3ef2)] -> xpath: //strong[@class='product name product-item-name']], [[ChromeDriver: chrome on WINDOWS (d425ad7580d04405195481b417fd3ef2)] -> xpath: //strong[@class='product name product-item-name']], [[ChromeDriver: chrome on WINDOWS (d425ad7580d04405195481b417fd3ef2)] -> xpath: //strong[@class='product name product-item-name']], [[ChromeDriver: chrome on WINDOWS (d425ad7580d04405195481b417fd3ef2)] -> xpath: //strong[@class='product name product-item-name']], [[ChromeDriver: chrome on WINDOWS (d425ad7580d04405195481b417fd3ef2)] -> xpath: //strong[@class='product name product-item-name']], [[ChromeDriver: chrome on WINDOWS (d425ad7580d04405195481b417fd3ef2)] -> xpath: //strong[@class='product name product-item-name']], [[ChromeDriver: chrome on WINDOWS (d425ad7580d04405195481b417fd3ef2)] -> xpath: //strong[@class='product name product-item-name']]]
2023-05-16 14:05:429 INFO  WomensJacketsPage :91 - Product list after sort by Product name[[[ChromeDriver: chrome on WINDOWS (d425ad7580d04405195481b417fd3ef2)] -> xpath: //strong[@class='product name product-item-name']], [[ChromeDriver: chrome on WINDOWS (d425ad7580d04405195481b417fd3ef2)] -> xpath: //strong[@class='product name product-item-name']], [[ChromeDriver: chrome on WINDOWS (d425ad7580d04405195481b417fd3ef2)] -> xpath: //strong[@class='product name product-item-name']], [[ChromeDriver: chrome on WINDOWS (d425ad7580d04405195481b417fd3ef2)] -> xpath: //strong[@class='product name product-item-name']], [[ChromeDriver: chrome on WINDOWS (d425ad7580d04405195481b417fd3ef2)] -> xpath: //strong[@class='product name product-item-name']], [[ChromeDriver: chrome on WINDOWS (d425ad7580d04405195481b417fd3ef2)] -> xpath: //strong[@class='product name product-item-name']], [[ChromeDriver: chrome on WINDOWS (d425ad7580d04405195481b417fd3ef2)] -> xpath: //strong[@class='product name product-item-name']], [[ChromeDriver: chrome on WINDOWS (d425ad7580d04405195481b417fd3ef2)] -> xpath: //strong[@class='product name product-item-name']], [[ChromeDriver: chrome on WINDOWS (d425ad7580d04405195481b417fd3ef2)] -> xpath: //strong[@class='product name product-item-name']], [[ChromeDriver: chrome on WINDOWS (d425ad7580d04405195481b417fd3ef2)] -> xpath: //strong[@class='product name product-item-name']], [[ChromeDriver: chrome on WINDOWS (d425ad7580d04405195481b417fd3ef2)] -> xpath: //strong[@class='product name product-item-name']], [[ChromeDriver: chrome on WINDOWS (d425ad7580d04405195481b417fd3ef2)] -> xpath: //strong[@class='product name product-item-name']]]
2023-05-16 14:05:734 INFO  HomePage :42 - Mouse Hovering On Womens Menu [[ChromeDriver: chrome on WINDOWS (8e5c24bcbb2ad4ce82e1e6c712333188)] -> xpath: //a[@id='ui-id-4']//span[@class='ui-menu-icon ui-icon ui-icon-carat-1-e']]
2023-05-16 14:05:903 INFO  HomePage :47 - Mouse Hovering On Tops Menu [[ChromeDriver: chrome on WINDOWS (8e5c24bcbb2ad4ce82e1e6c712333188)] -> xpath: //a[@id='ui-id-9']]
2023-05-16 14:05:63 INFO  HomePage :52 - Clicking On Jackets [[ChromeDriver: chrome on WINDOWS (8e5c24bcbb2ad4ce82e1e6c712333188)] -> xpath: //a[@id='ui-id-11']]
2023-05-16 14:05:411 INFO  WomensJacketsPage :68 - Selecting Products' Name Price From Drop Down [[ChromeDriver: chrome on WINDOWS (8e5c24bcbb2ad4ce82e1e6c712333188)] -> xpath: //strong[@class = 'product name product-item-name']]
2023-05-16 14:05:492 INFO  WomensJacketsPage :95 - Storing And Sorting Products' Prices [[ChromeDriver: chrome on WINDOWS (8e5c24bcbb2ad4ce82e1e6c712333188)] -> xpath: //span[@class='price-container price-final_price tax weee']]
2023-05-16 14:05:570 INFO  HomePage :42 - Mouse Hovering On Womens Menu [[ChromeDriver: chrome on WINDOWS (9a23d7df732d5412dcb667afb1f406c4)] -> xpath: //a[@id='ui-id-4']//span[@class='ui-menu-icon ui-icon ui-icon-carat-1-e']]
2023-05-16 14:05:761 INFO  HomePage :47 - Mouse Hovering On Tops Menu [[ChromeDriver: chrome on WINDOWS (9a23d7df732d5412dcb667afb1f406c4)] -> xpath: //a[@id='ui-id-9']]
2023-05-16 14:05:943 INFO  HomePage :52 - Clicking On Jackets [[ChromeDriver: chrome on WINDOWS (9a23d7df732d5412dcb667afb1f406c4)] -> xpath: //a[@id='ui-id-11']]
2023-05-16 14:05:33 INFO  WomensJacketsPage :74 - Selecting Products' Name Price From Drop Down [[ChromeDriver: chrome on WINDOWS (9a23d7df732d5412dcb667afb1f406c4)] -> xpath: //strong[@class = 'product name product-item-name']]
2023-05-16 14:05:168 INFO  HomePage :42 - Mouse Hovering On Womens Menu [[ChromeDriver: chrome on WINDOWS (1c5bf0bdcc29a23583b3d9b649c17ff5)] -> xpath: //a[@id='ui-id-4']//span[@class='ui-menu-icon ui-icon ui-icon-carat-1-e']]
2023-05-16 14:05:361 INFO  HomePage :47 - Mouse Hovering On Tops Menu [[ChromeDriver: chrome on WINDOWS (1c5bf0bdcc29a23583b3d9b649c17ff5)] -> xpath: //a[@id='ui-id-9']]
2023-05-16 14:05:545 INFO  HomePage :52 - Clicking On Jackets [[ChromeDriver: chrome on WINDOWS (1c5bf0bdcc29a23583b3d9b649c17ff5)] -> xpath: //a[@id='ui-id-11']]
2023-05-16 14:05:656 INFO  WomensJacketsPage :74 - Selecting Products' Name Price From Drop Down [[ChromeDriver: chrome on WINDOWS (1c5bf0bdcc29a23583b3d9b649c17ff5)] -> xpath: //strong[@class = 'product name product-item-name']]
2023-05-16 14:05:579 INFO  HomePage :42 - Mouse Hovering On Womens Menu [[ChromeDriver: chrome on WINDOWS (4ea5de8d1c4b4cba49d8e2a1e1101418)] -> xpath: //a[@id='ui-id-4']//span[@class='ui-menu-icon ui-icon ui-icon-carat-1-e']]
2023-05-16 14:05:777 INFO  HomePage :47 - Mouse Hovering On Tops Menu [[ChromeDriver: chrome on WINDOWS (4ea5de8d1c4b4cba49d8e2a1e1101418)] -> xpath: //a[@id='ui-id-9']]
2023-05-16 14:05:947 INFO  HomePage :52 - Clicking On Jackets [[ChromeDriver: chrome on WINDOWS (4ea5de8d1c4b4cba49d8e2a1e1101418)] -> xpath: //a[@id='ui-id-11']]
2023-05-16 14:05:101 INFO  WomensJacketsPage :74 - Selecting Products' Name Price From Drop Down [[ChromeDriver: chrome on WINDOWS (4ea5de8d1c4b4cba49d8e2a1e1101418)] -> xpath: //strong[@class = 'product name product-item-name']]
2023-05-16 14:05:08 INFO  HomePage :42 - Mouse Hovering On Womens Menu [[ChromeDriver: chrome on WINDOWS (2ad7e1ed364a7145016da9a4a23ba597)] -> xpath: //a[@id='ui-id-4']//span[@class='ui-menu-icon ui-icon ui-icon-carat-1-e']]
2023-05-16 14:05:193 INFO  HomePage :47 - Mouse Hovering On Tops Menu [[ChromeDriver: chrome on WINDOWS (2ad7e1ed364a7145016da9a4a23ba597)] -> xpath: //a[@id='ui-id-9']]
2023-05-16 14:05:357 INFO  HomePage :52 - Clicking On Jackets [[ChromeDriver: chrome on WINDOWS (2ad7e1ed364a7145016da9a4a23ba597)] -> xpath: //a[@id='ui-id-11']]
2023-05-16 14:05:613 INFO  WomensJacketsPage :77 - Selecting Products' Name Price From Drop Down [[ChromeDriver: chrome on WINDOWS (2ad7e1ed364a7145016da9a4a23ba597)] -> xpath: //strong[@class = 'product name product-item-name']]
2023-05-16 14:05:353 INFO  HomePage :73 - Mouse Hovering On Gear Menu [[ChromeDriver: chrome on WINDOWS (c297c42461a4a3fdcd04882b21d78b7e)] -> xpath: //span[normalize-space()='Gear']]
2023-05-16 14:05:404 INFO  HomePage :77 - Clicking On Bags [[ChromeDriver: chrome on WINDOWS (c297c42461a4a3fdcd04882b21d78b7e)] -> xpath: //span[normalize-space()='Bags']]
2023-05-16 14:05:548 INFO  GearPage :21 - Clicking On Overnight Duffle [[ChromeDriver: chrome on WINDOWS (c297c42461a4a3fdcd04882b21d78b7e)] -> xpath: //a[normalize-space()='Overnight Duffle']]
2023-05-16 14:05:859 INFO  OverNightDuffle :33 - Getting Over Night Duffle Text [[ChromeDriver: chrome on WINDOWS (c297c42461a4a3fdcd04882b21d78b7e)] -> xpath: //span[@class='base']]
2023-05-16 14:05:50 INFO  HomePage :57 - Mouse Hovering On Men Menu [[ChromeDriver: chrome on WINDOWS (abadddd3c8581ef2b0e7b5d119728500)] -> xpath: //a[@id='ui-id-5']]
2023-05-16 14:05:239 INFO  HomePage :62 - Mouse Hovering On Bottoms Menu [[ChromeDriver: chrome on WINDOWS (abadddd3c8581ef2b0e7b5d119728500)] -> xpath: //a[@id='ui-id-18']//span[contains(text(),'Bottoms')]]
2023-05-16 14:05:423 INFO  HomePage :67 - Clicking On Pants [[ChromeDriver: chrome on WINDOWS (abadddd3c8581ef2b0e7b5d119728500)] -> xpath: //a[@id='ui-id-23']//span[contains(text(),'Pants')]]
2023-05-16 14:05:452 INFO  MenPage :35 - Mouse Hovering On Cronus Yoga Pant [[ChromeDriver: chrome on WINDOWS (abadddd3c8581ef2b0e7b5d119728500)] -> xpath: //a[normalize-space()='Cronus Yoga Pant']]
2023-05-16 14:05:666 INFO  MenPage :40 - Clicking On Size [[ChromeDriver: chrome on WINDOWS (abadddd3c8581ef2b0e7b5d119728500)] -> xpath: //div[@class='swatch-opt-880']//div[@id='option-label-size-143-item-175']]
2023-05-16 14:05:771 INFO  MenPage :45 - Clicking On Colour [[ChromeDriver: chrome on WINDOWS (abadddd3c8581ef2b0e7b5d119728500)] -> xpath: //div[@class='swatch-opt-880']//div[@id='option-label-color-93-item-49']]
2023-05-16 14:05:869 INFO  MenPage :50 - Clicking On Add To Cart [[ChromeDriver: chrome on WINDOWS (abadddd3c8581ef2b0e7b5d119728500)] -> xpath: //body[1]/div[1]/main[1]/div[3]/div[1]/div[3]/ol[1]/li[1]/div[1]/div[1]/div[3]/div[1]/div[1]/form[1]/button[1]/span[1]]
2023-05-16 14:05:513 INFO  MenPage :55 - Getting Add To Cart Text [[ChromeDriver: chrome on WINDOWS (abadddd3c8581ef2b0e7b5d119728500)] -> xpath: //div[@data-bind='html: $parent.prepareMessageForHtml(message.text)']]
2023-05-16 14:05:553 INFO  MenPage :60 - Clicking On Shopping Cart [[ChromeDriver: chrome on WINDOWS (abadddd3c8581ef2b0e7b5d119728500)] -> xpath: //a[normalize-space()='shopping cart']]
2023-05-16 14:05:759 INFO  ShoppingCartPage :53 - Getting Cronus Yoga Pant Text [[ChromeDriver: chrome on WINDOWS (abadddd3c8581ef2b0e7b5d119728500)] -> xpath: //td[@class='col item']//a[normalize-space()='Cronus Yoga Pant']]
2023-05-16 14:05:794 INFO  ShoppingCartPage :58 - Getting Size Text [[ChromeDriver: chrome on WINDOWS (abadddd3c8581ef2b0e7b5d119728500)] -> xpath: //dd[contains(text(),'32')]]
2023-05-16 14:05:832 INFO  ShoppingCartPage :63 - Getting Colour Text [[ChromeDriver: chrome on WINDOWS (abadddd3c8581ef2b0e7b5d119728500)] -> xpath: //dd[contains(text(),'Black')]]
2023-05-16 14:05:569 INFO  HomePage :42 - Mouse Hovering On Womens Menu [[ChromeDriver: chrome on WINDOWS (69b27e5f1bdb6ece164a11fe41ea3256)] -> xpath: //a[@id='ui-id-4']//span[@class='ui-menu-icon ui-icon ui-icon-carat-1-e']]
2023-05-16 14:05:739 INFO  HomePage :47 - Mouse Hovering On Tops Menu [[ChromeDriver: chrome on WINDOWS (69b27e5f1bdb6ece164a11fe41ea3256)] -> xpath: //a[@id='ui-id-9']]
2023-05-16 14:05:894 INFO  HomePage :52 - Clicking On Jackets [[ChromeDriver: chrome on WINDOWS (69b27e5f1bdb6ece164a11fe41ea3256)] -> xpath: //a[@id='ui-id-11']]
2023-05-16 14:05:951 INFO  WomensJacketsPage :49 - Selecting Products' Name Product Name From Drop Down [[ChromeDriver: chrome on WINDOWS (69b27e5f1bdb6ece164a11fe41ea3256)] -> xpath: //strong[@class = 'product name product-item-name']]
2023-05-16 14:05:275 INFO  WomensJacketsPage :61 - Default Product List[[[ChromeDriver: chrome on WINDOWS (69b27e5f1bdb6ece164a11fe41ea3256)] -> xpath: //strong[@class='product name product-item-name']], [[ChromeDriver: chrome on WINDOWS (69b27e5f1bdb6ece164a11fe41ea3256)] -> xpath: //strong[@class='product name product-item-name']], [[ChromeDriver: chrome on WINDOWS (69b27e5f1bdb6ece164a11fe41ea3256)] -> xpath: //strong[@class='product name product-item-name']], [[ChromeDriver: chrome on WINDOWS (69b27e5f1bdb6ece164a11fe41ea3256)] -> xpath: //strong[@class='product name product-item-name']], [[ChromeDriver: chrome on WINDOWS (69b27e5f1bdb6ece164a11fe41ea3256)] -> xpath: //strong[@class='product name product-item-name']], [[ChromeDriver: chrome on WINDOWS (69b27e5f1bdb6ece164a11fe41ea3256)] -> xpath: //strong[@class='product name product-item-name']], [[ChromeDriver: chrome on WINDOWS (69b27e5f1bdb6ece164a11fe41ea3256)] -> xpath: //strong[@class='product name product-item-name']], [[ChromeDriver: chrome on WINDOWS (69b27e5f1bdb6ece164a11fe41ea3256)] -> xpath: //strong[@class='product name product-item-name']], [[ChromeDriver: chrome on WINDOWS (69b27e5f1bdb6ece164a11fe41ea3256)] -> xpath: //strong[@class='product name product-item-name']], [[ChromeDriver: chrome on WINDOWS (69b27e5f1bdb6ece164a11fe41ea3256)] -> xpath: //strong[@class='product name product-item-name']], [[ChromeDriver: chrome on WINDOWS (69b27e5f1bdb6ece164a11fe41ea3256)] -> xpath: //strong[@class='product name product-item-name']], [[ChromeDriver: chrome on WINDOWS (69b27e5f1bdb6ece164a11fe41ea3256)] -> xpath: //strong[@class='product name product-item-name']]]
2023-05-16 14:05:439 INFO  WomensJacketsPage :73 - Product list after sort by Product name[[[ChromeDriver: chrome on WINDOWS (69b27e5f1bdb6ece164a11fe41ea3256)] -> xpath: //strong[@class='product name product-item-name']], [[ChromeDriver: chrome on WINDOWS (69b27e5f1bdb6ece164a11fe41ea3256)] -> xpath: //strong[@class='product name product-item-name']], [[ChromeDriver: chrome on WINDOWS (69b27e5f1bdb6ece164a11fe41ea3256)] -> xpath: //strong[@class='product name product-item-name']], [[ChromeDriver: chrome on WINDOWS (69b27e5f1bdb6ece164a11fe41ea3256)] -> xpath: //strong[@class='product name product-item-name']], [[ChromeDriver: chrome on WINDOWS (69b27e5f1bdb6ece164a11fe41ea3256)] -> xpath: //strong[@class='product name product-item-name']], [[ChromeDriver: chrome on WINDOWS (69b27e5f1bdb6ece164a11fe41ea3256)] -> xpath: //strong[@class='product name product-item-name']], [[ChromeDriver: chrome on WINDOWS (69b27e5f1bdb6ece164a11fe41ea3256)] -> xpath: //strong[@class='product name product-item-name']], [[ChromeDriver: chrome on WINDOWS (69b27e5f1bdb6ece164a11fe41ea3256)] -> xpath: //strong[@class='product name product-item-name']], [[ChromeDriver: chrome on WINDOWS (69b27e5f1bdb6ece164a11fe41ea3256)] -> xpath: //strong[@class='product name product-item-name']], [[ChromeDriver: chrome on WINDOWS (69b27e5f1bdb6ece164a11fe41ea3256)] -> xpath: //strong[@class='product name product-item-name']], [[ChromeDriver: chrome on WINDOWS (69b27e5f1bdb6ece164a11fe41ea3256)] -> xpath: //strong[@class='product name product-item-name']], [[ChromeDriver: chrome on WINDOWS (69b27e5f1bdb6ece164a11fe41ea3256)] -> xpath: //strong[@class='product name product-item-name']]]
